<?xml version="1.0" encoding="UTF-8"?>
<!-- Generated by org.testng.reporters.JUnitXMLReporter -->
<testsuite ignored="0" hostname="DESKTOP-G5H9F34" failures="0" tests="3" name="Default test" time="91.109" errors="0" timestamp="2025-03-09T18:50:42 IST">
  <testcase classname="com.pages.ExecutionClass" name="signupNew" time="22.916"/>
  <testcase classname="com.pages.ExecutionClass" name="login" time="20.886"/>
  <testcase classname="com.pages.ExecutionClass" name="checkout" time="23.002"/>
</testsuite> <!-- Default test -->
