<?xml version="1.0" encoding="UTF-8"?>
<testng-results ignored="0" total="3" passed="3" failed="0" skipped="0">
  <reporter-output>
  </reporter-output>
  <suite started-at="2025-03-09T18:49:11 IST" name="Default suite" finished-at="2025-03-09T18:50:42 IST" duration-ms="91109">
    <groups>
    </groups>
    <test started-at="2025-03-09T18:49:11 IST" name="Default test" finished-at="2025-03-09T18:50:42 IST" duration-ms="91109">
      <class name="com.pages.ExecutionClass">
        <test-method is-config="true" signature="setUpSuite()[pri:0, instance:com.pages.ExecutionClass@5acf93bb]" started-at="2025-03-09T18:49:10 IST" name="setUpSuite" finished-at="2025-03-09T18:49:11 IST" duration-ms="743" status="PASS">
          <reporter-output>
          </reporter-output>
        </test-method> <!-- setUpSuite -->
        <test-method is-config="true" signature="setUp()[pri:0, instance:com.pages.ExecutionClass@5acf93bb]" started-at="2025-03-09T18:49:11 IST" name="setUp" finished-at="2025-03-09T18:49:21 IST" duration-ms="10141" status="PASS">
          <reporter-output>
          </reporter-output>
        </test-method> <!-- setUp -->
        <test-method signature="signupNew()[pri:1, instance:com.pages.ExecutionClass@5acf93bb]" started-at="2025-03-09T18:49:21 IST" name="signupNew" finished-at="2025-03-09T18:49:44 IST" duration-ms="22916" status="PASS">
          <reporter-output>
          </reporter-output>
        </test-method> <!-- signupNew -->
        <test-method is-config="true" signature="tearDown()[pri:0, instance:com.pages.ExecutionClass@5acf93bb]" started-at="2025-03-09T18:49:44 IST" name="tearDown" finished-at="2025-03-09T18:49:46 IST" duration-ms="1587" status="PASS">
          <reporter-output>
          </reporter-output>
        </test-method> <!-- tearDown -->
        <test-method is-config="true" signature="setUp()[pri:0, instance:com.pages.ExecutionClass@5acf93bb]" started-at="2025-03-09T18:49:46 IST" name="setUp" finished-at="2025-03-09T18:49:51 IST" duration-ms="5156" status="PASS">
          <reporter-output>
          </reporter-output>
        </test-method> <!-- setUp -->
        <test-method signature="login()[pri:2, instance:com.pages.ExecutionClass@5acf93bb]" started-at="2025-03-09T18:49:51 IST" name="login" finished-at="2025-03-09T18:50:12 IST" duration-ms="20886" status="PASS">
          <reporter-output>
          </reporter-output>
        </test-method> <!-- login -->
        <test-method is-config="true" signature="tearDown()[pri:0, instance:com.pages.ExecutionClass@5acf93bb]" started-at="2025-03-09T18:50:12 IST" name="tearDown" finished-at="2025-03-09T18:50:13 IST" duration-ms="1190" status="PASS">
          <reporter-output>
          </reporter-output>
        </test-method> <!-- tearDown -->
        <test-method is-config="true" signature="setUp()[pri:0, instance:com.pages.ExecutionClass@5acf93bb]" started-at="2025-03-09T18:50:13 IST" name="setUp" finished-at="2025-03-09T18:50:18 IST" duration-ms="5207" status="PASS">
          <reporter-output>
          </reporter-output>
        </test-method> <!-- setUp -->
        <test-method signature="checkout()[pri:3, instance:com.pages.ExecutionClass@5acf93bb]" started-at="2025-03-09T18:50:18 IST" name="checkout" finished-at="2025-03-09T18:50:41 IST" duration-ms="23002" status="PASS">
          <reporter-output>
          </reporter-output>
        </test-method> <!-- checkout -->
        <test-method is-config="true" signature="tearDown()[pri:0, instance:com.pages.ExecutionClass@5acf93bb]" started-at="2025-03-09T18:50:41 IST" name="tearDown" finished-at="2025-03-09T18:50:42 IST" duration-ms="953" status="PASS">
          <reporter-output>
          </reporter-output>
        </test-method> <!-- tearDown -->
        <test-method is-config="true" signature="tearDownDuite()[pri:0, instance:com.pages.ExecutionClass@5acf93bb]" started-at="2025-03-09T18:50:42 IST" name="tearDownDuite" finished-at="2025-03-09T18:50:42 IST" duration-ms="392" status="PASS">
          <reporter-output>
          </reporter-output>
        </test-method> <!-- tearDownDuite -->
      </class> <!-- com.pages.ExecutionClass -->
    </test> <!-- Default test -->
  </suite> <!-- Default suite -->
</testng-results>
